#-----------------------------------------------------------
# Vivado v2018.2 (64-bit)
# SW Build 2258646 on Thu Jun 14 20:03:12 MDT 2018
# IP Build 2256618 on Thu Jun 14 22:10:49 MDT 2018
# Start of session at: Tue Jul  1 12:55:52 2025
# Process ID: 18500
# Current directory: C:/Users/george.york/Documents/ECE485_code/ece485_final_cadet_stage4
# Command line: vivado.exe -gui_launcher_event rodinguilauncherevent632 C:\Users\george.york\Documents\ECE485_code\ece485_final_cadet_stage4\ece485_final_cadet_stage4.xpr
# Log file: C:/Users/george.york/Documents/ECE485_code/ece485_final_cadet_stage4/vivado.log
# Journal file: C:/Users/george.york/Documents/ECE485_code/ece485_final_cadet_stage4\vivado.jou
#-----------------------------------------------------------
start_gui
open_project C:/Users/george.york/Documents/ECE485_code/ece485_final_cadet_stage4/ece485_final_cadet_stage4.xpr
Scanning sources...
Finished scanning sources
INFO: [IP_Flow 19-234] Refreshing IP repositories
INFO: [IP_Flow 19-1704] No user IP repositories specified
INFO: [IP_Flow 19-2313] Loaded Vivado IP repository 'C:/Xilinx/Vivado/2018.2/data/ip'.
update_compile_order -fileset sources_1
update_compile_order -fileset sources_1
update_compile_order -fileset sources_1
exit
INFO: [Common 17-206] Exiting Vivado at Tue Jul  1 15:06:41 2025...
